[debug] [2020-02-09T05:50:04.591Z] ----------------------------------------------------------------------
[debug] [2020-02-09T05:50:04.592Z] Command:       /usr/local/Cellar/node/12.4.0/bin/node /usr/local/bin/firebase deploy --only functions:buyers
[debug] [2020-02-09T05:50:04.592Z] CLI Version:   7.12.1
[debug] [2020-02-09T05:50:04.592Z] Platform:      darwin
[debug] [2020-02-09T05:50:04.592Z] Node Version:  v12.14.1
[debug] [2020-02-09T05:50:04.593Z] Time:          Sat Feb 08 2020 23:50:04 GMT-0600 (Central Standard Time)
[debug] [2020-02-09T05:50:04.593Z] ----------------------------------------------------------------------
[debug] [2020-02-09T05:50:04.593Z] 
[debug] [2020-02-09T05:50:04.597Z] > command requires scopes: ["email","openid","https://www.googleapis.com/auth/cloudplatformprojects.readonly","https://www.googleapis.com/auth/firebase","https://www.googleapis.com/auth/cloud-platform"]
[debug] [2020-02-09T05:50:04.598Z] > authorizing via signed-in user
[debug] [2020-02-09T05:50:04.598Z] [iam] checking project dogteamdobermans for permissions ["cloudfunctions.functions.create","cloudfunctions.functions.delete","cloudfunctions.functions.get","cloudfunctions.functions.list","cloudfunctions.functions.update","cloudfunctions.operations.get","firebase.projects.get"]
[debug] [2020-02-09T05:50:04.599Z] >>> HTTP REQUEST POST https://cloudresourcemanager.googleapis.com/v1/projects/dogteamdobermans:testIamPermissions  

[debug] [2020-02-09T05:50:04.756Z] <<< HTTP RESPONSE 200
[info] 
[info] === Deploying to 'dogteamdobermans'...
[info] 
[info] i  deploying functions
[info] Running command: npm --prefix "$RESOURCE_DIR" run lint
[info] Running command: npm --prefix "$RESOURCE_DIR" run build
[info] ✔  functions: Finished running predeploy script.
[debug] [2020-02-09T05:50:10.185Z] > [functions] package.json contents: {
  "name": "functions",
  "scripts": {
    "lint": "tslint --project tsconfig.json",
    "build": "tsc",
    "serve": "npm run build && firebase serve --only functions",
    "shell": "npm run build && firebase functions:shell",
    "start": "npm run shell",
    "deploy": "firebase deploy --only functions",
    "logs": "firebase functions:log"
  },
  "engines": {
    "node": "8"
  },
  "main": "lib/index.js",
  "dependencies": {
    "@types/cors": "^2.8.6",
    "@types/nodemailer": "^6.2.2",
    "cors": "^2.8.5",
    "firebase": "^6.6.2",
    "firebase-admin": "^8.0.0",
    "firebase-functions": "^3.1.0",
    "nodemailer": "^6.4.1"
  },
  "devDependencies": {
    "tslint": "^5.12.0",
    "typescript": "^3.2.2"
  },
  "private": true
}
[info] i  functions: ensuring necessary APIs are enabled...
[debug] [2020-02-09T05:50:10.185Z] >>> HTTP REQUEST GET https://serviceusage.googleapis.com/v1/projects/dogteamdobermans/services/cloudfunctions.googleapis.com  
 
[debug] [2020-02-09T05:50:10.186Z] >>> HTTP REQUEST GET https://serviceusage.googleapis.com/v1/projects/dogteamdobermans/services/runtimeconfig.googleapis.com  
 
[debug] [2020-02-09T05:50:10.467Z] <<< HTTP RESPONSE 200
[debug] [2020-02-09T05:50:10.494Z] <<< HTTP RESPONSE 200
[info] ✔  functions: all necessary APIs are enabled
[debug] [2020-02-09T05:50:10.495Z] >>> HTTP REQUEST GET https://firebase.googleapis.com/v1beta1/projects/dogteamdobermans/adminSdkConfig  
 
[debug] [2020-02-09T05:50:10.720Z] <<< HTTP RESPONSE 200
[info] i  functions: preparing functions directory for uploading...
[debug] [2020-02-09T05:50:10.722Z] >>> HTTP REQUEST GET https://runtimeconfig.googleapis.com/v1beta1/projects/dogteamdobermans/configs  
 
[debug] [2020-02-09T05:50:10.965Z] <<< HTTP RESPONSE 200
[info] i  functions: packaged functions (63.78 KB) for uploading
[debug] [2020-02-09T05:50:11.084Z] >>> HTTP REQUEST POST https://cloudfunctions.googleapis.com/v1/projects/dogteamdobermans/locations/us-central1/functions:generateUploadUrl  
 
[debug] [2020-02-09T05:50:11.752Z] <<< HTTP RESPONSE 200
[debug] [2020-02-09T05:50:11.753Z] >>> HTTP REQUEST PUT https://storage.googleapis.com/gcf-upload-us-central1-89a19d14-60d9-49e3-8b2b-341d24c8df8e/8f922437-205b-45a3-9744-cd4cd3cff44d.zip?GoogleAccessId=service-765501116399@gcf-admin-robot.iam.gserviceaccount.com&Expires=1581229211&Signature=DYta%2BIXbDezmJkiFsEP7CHCPBpMEaOgx%2BB7QLoeKhEOrOA%2F04Ilb%2B%2BeJ9cF2aj8M61DjMcKW8nvuW%2B%2BTHRHo199KW4LnGusuizcXBqX4BjpEPm3%2F7a6HzHxFRf5PJ1vwAv6iIjQziQJavqqfPZ%2FY0IFdtTHkqstOaZVg6ygXow2LNzGCrwmDhewLyNojVsaZpZ3c1rMz%2Fpe3%2F46swhWwht%2FDdW2kAt912sjSdL3CeRR3YLj0%2BCf7is7cws6yQsg9rLTXgqVvQhJN%2BvxNsytf6oNGtzbnk5dNv006rIOApWFUW6vsCpVPsZz4auoYpuw7izgpxd1DynwESM8F7E%2FCiQ%3D%3D  
 <request body omitted>
[debug] [2020-02-09T05:50:12.050Z] <<< HTTP RESPONSE 200
[info] ✔  functions: functions folder uploaded successfully
[debug] [2020-02-09T05:50:12.053Z] >>> HTTP REQUEST GET https://cloudfunctions.googleapis.com/v1/projects/dogteamdobermans/locations/-/functions  
 
[debug] [2020-02-09T05:50:12.483Z] <<< HTTP RESPONSE 200
[debug] [2020-02-09T05:50:12.484Z] > [functions] filtering triggers to: [
  "projects/dogteamdobermans/locations/us-central1/functions/buyers"
]
[info] i  functions: current functions in project: aboutDobermans(us-central1), aboutUs(us-central1), blogs(us-central1), buyer(us-central1), buyers(us-central1), contact(us-central1), homepageContents(us-central1), parent(us-central1), parents(us-central1), puppies(us-central1), puppy(us-central1), testimonials(us-central1), waitList(us-central1)
[info] i  functions: uploading functions in project: buyers(us-central1)
[info] i  functions: updating Node.js 8 function buyers(us-central1)...
[debug] [2020-02-09T05:50:12.487Z] Trigger is:  {"httpsTrigger":{}}
[debug] [2020-02-09T05:50:12.488Z] >>> HTTP REQUEST GET https://serviceusage.googleapis.com/v1/projects/dogteamdobermans/services/cloudscheduler.googleapis.com  
 
[debug] [2020-02-09T05:50:12.741Z] <<< HTTP RESPONSE 200
[debug] [2020-02-09T05:50:12.742Z] >>> HTTP REQUEST PATCH https://cloudfunctions.googleapis.com/v1/projects/dogteamdobermans/locations/us-central1/functions/buyers {"updateMask":"sourceUploadUrl,name,labels,runtime,httpsTrigger"} 

[debug] [2020-02-09T05:50:13.081Z] <<< HTTP RESPONSE 200
[debug] [2020-02-09T05:50:13.083Z] >>> HTTP REQUEST GET https://cloudfunctions.googleapis.com/v1/projects/dogteamdobermans/locations/-/functions  
 
[debug] [2020-02-09T05:50:13.454Z] <<< HTTP RESPONSE 200
[debug] [2020-02-09T05:50:13.455Z] >>> HTTP REQUEST GET https://cloudfunctions.googleapis.com/v1/operations/ZG9ndGVhbWRvYmVybWFucy91cy1jZW50cmFsMS9idXllcnMvRzlHdWQyeHZDM3M  
 
[debug] [2020-02-09T05:50:13.641Z] <<< HTTP RESPONSE 200
